TN:
SF:src\App.vue
FN:3,(anonymous_0)
FN:17,(anonymous_1)
FN:25,render
FNF:3
FNH:3
FNDA:1,(anonymous_0)
FNDA:1,(anonymous_1)
FNDA:1,render
DA:3,1
DA:4,1
DA:8,1
DA:11,1
DA:12,1
DA:18,1
DA:21,1
DA:22,1
DA:23,1
DA:24,1
DA:26,1
DA:27,1
DA:29,1
DA:30,1
LF:14
LH:14
BRDA:3,0,0,1
BRDA:3,0,1,1
BRDA:3,0,2,1
BRDA:4,1,0,1
BRDA:4,1,1,0
BRDA:4,2,0,1
BRDA:4,2,1,1
BRF:7
BRH:6
end_of_record
TN:
SF:src\main.ts
FNF:0
FNH:0
DA:1,0
DA:2,0
DA:3,0
DA:5,0
LF:4
LH:0
BRF:0
BRH:0
end_of_record
TN:
SF:src\components\AdviceCard.vue
FN:9,(anonymous_0)
FN:16,(anonymous_1)
FN:17,(anonymous_2)
FN:17,(anonymous_3)
FN:23,(anonymous_4)
FN:37,render
FN:50,(anonymous_6)
FNF:7
FNH:6
FNDA:2,(anonymous_0)
FNDA:2,(anonymous_1)
FNDA:2,(anonymous_2)
FNDA:2,(anonymous_3)
FNDA:2,(anonymous_4)
FNDA:4,render
FNDA:0,(anonymous_6)
DA:4,2
DA:7,2
DA:8,2
DA:10,2
DA:17,2
DA:18,2
DA:19,2
DA:24,2
DA:27,2
DA:28,2
DA:29,2
DA:30,2
DA:31,2
DA:32,2
DA:33,2
DA:34,2
DA:35,2
DA:36,2
DA:38,4
DA:51,0
DA:52,0
DA:53,0
DA:55,0
DA:67,2
DA:68,2
LF:25
LH:21
BRDA:42,0,0,4
BRDA:42,0,1,2
BRDA:50,1,0,4
BRDA:50,1,1,2
BRDA:55,2,0,0
BRDA:55,2,1,0
BRDA:58,3,0,4
BRDA:58,3,1,2
BRF:8
BRH:6
end_of_record
TN:
SF:src\store\index.ts
FNF:0
FNH:0
DA:1,0
DA:3,0
LF:2
LH:0
BRF:0
BRH:0
end_of_record
